<?xml version="1.0" encoding="UTF-8" ?>
<testsuite tests="1" failures="0" name="com.atguigu.maven.HelloFriendTest" time="0.029" errors="0" skipped="0">
  <properties>
    <property name="java.runtime.name" value="Java(TM) SE Runtime Environment"/>
    <property name="sun.boot.library.path" value="F:\JDK1.8\jre\bin"/>
    <property name="java.vm.version" value="25.131-b11"/>
    <property name="java.vm.vendor" value="Oracle Corporation"/>
    <property name="java.vendor.url" value="http://java.oracle.com/"/>
    <property name="path.separator" value=";"/>
    <property name="java.vm.name" value="Java HotSpot(TM) 64-Bit Server VM"/>
    <property name="file.encoding.pkg" value="sun.io"/>
    <property name="user.script" value=""/>
    <property name="user.country" value="CN"/>
    <property name="sun.java.launcher" value="SUN_STANDARD"/>
    <property name="sun.os.patch.level" value=""/>
    <property name="java.vm.specification.name" value="Java Virtual Machine Specification"/>
    <property name="user.dir" value="F:\java work\HelloFriend"/>
    <property name="java.runtime.version" value="1.8.0_131-b11"/>
    <property name="java.awt.graphicsenv" value="sun.awt.Win32GraphicsEnvironment"/>
    <property name="basedir" value="F:\java work\HelloFriend"/>
    <property name="java.endorsed.dirs" value="F:\JDK1.8\jre\lib\endorsed"/>
    <property name="os.arch" value="amd64"/>
    <property name="surefire.real.class.path" value="F:\java work\HelloFriend\target\surefire\surefirebooter5370777982670753668.jar"/>
    <property name="java.io.tmpdir" value="C:\Users\LHF\AppData\Local\Temp\"/>
    <property name="line.separator" value="
"/>
    <property name="java.vm.specification.vendor" value="Oracle Corporation"/>
    <property name="user.variant" value=""/>
    <property name="os.name" value="Windows 10"/>
    <property name="sun.jnu.encoding" value="GBK"/>
    <property name="java.library.path" value="F:\JDK1.8\jre\bin;C:\Windows\Sun\Java\bin;C:\Windows\system32;C:\Windows;F:/JDK1.8/bin/../jre/bin/server;F:/JDK1.8/bin/../jre/bin;F:/JDK1.8/bin/../jre/lib/amd64;F:\JDK1.8\bin;C:\Program Files (x86)\Common Files\Oracle\Java\javapath;C:\ProgramData\Oracle\Java\javapath;C:\Windows\system32;C:\Windows;C:\Windows\System32\Wbem;C:\Windows\System32\WindowsPowerShell\v1.0\;C:\Windows\System32\OpenSSH\;C:\Program Files\NVIDIA Corporation\NVIDIA NvDLISR;C:\Program Files (x86)\NVIDIA Corporation\PhysX\Common;C:\Program Files (x86)\Intel\Intel(R) Management Engine Components\DAL;C:\Program Files\Intel\Intel(R) Management Engine Components\DAL;C:\Program Files\MySQL\MySQL Server 5.6\bin;F:\apache-maven-3.2.2\bin;;F:\eclipse jee\eclipse;;."/>
    <property name="surefire.test.class.path" value="F:\java work\HelloFriend\target\test-classes;F:\java work\HelloFriend\target\classes;F:\RepMaven\junit\junit\4.0\junit-4.0.jar;F:\java work\Hello\target\Hello-0.0.1-SNAPSHOT.jar;F:\RepMaven\log4j\log4j\1.2.17\log4j-1.2.17.jar;"/>
    <property name="java.specification.name" value="Java Platform API Specification"/>
    <property name="java.class.version" value="52.0"/>
    <property name="sun.management.compiler" value="HotSpot 64-Bit Tiered Compilers"/>
    <property name="os.version" value="10.0"/>
    <property name="user.home" value="C:\Users\LHF"/>
    <property name="user.timezone" value=""/>
    <property name="java.awt.printerjob" value="sun.awt.windows.WPrinterJob"/>
    <property name="java.specification.version" value="1.8"/>
    <property name="file.encoding" value="UTF-8"/>
    <property name="user.name" value="LHF"/>
    <property name="java.class.path" value="F:\java work\HelloFriend\target\test-classes;F:\java work\HelloFriend\target\classes;F:\RepMaven\junit\junit\4.0\junit-4.0.jar;F:\java work\Hello\target\Hello-0.0.1-SNAPSHOT.jar;F:\RepMaven\log4j\log4j\1.2.17\log4j-1.2.17.jar;"/>
    <property name="java.vm.specification.version" value="1.8"/>
    <property name="sun.arch.data.model" value="64"/>
    <property name="java.home" value="F:\JDK1.8\jre"/>
    <property name="sun.java.command" value="F:\java work\HelloFriend\target\surefire\surefirebooter5370777982670753668.jar F:\java work\HelloFriend\target\surefire\surefire2070985949208087391tmp F:\java work\HelloFriend\target\surefire\surefire7807789356951012802tmp"/>
    <property name="java.specification.vendor" value="Oracle Corporation"/>
    <property name="user.language" value="zh"/>
    <property name="awt.toolkit" value="sun.awt.windows.WToolkit"/>
    <property name="java.vm.info" value="mixed mode"/>
    <property name="java.version" value="1.8.0_131"/>
    <property name="java.ext.dirs" value="F:\JDK1.8\jre\lib\ext;C:\Windows\Sun\Java\lib\ext"/>
    <property name="sun.boot.class.path" value="F:\JDK1.8\jre\lib\resources.jar;F:\JDK1.8\jre\lib\rt.jar;F:\JDK1.8\jre\lib\sunrsasign.jar;F:\JDK1.8\jre\lib\jsse.jar;F:\JDK1.8\jre\lib\jce.jar;F:\JDK1.8\jre\lib\charsets.jar;F:\JDK1.8\jre\lib\jfr.jar;F:\JDK1.8\jre\classes"/>
    <property name="java.vendor" value="Oracle Corporation"/>
    <property name="localRepository" value="F:\RepMaven"/>
    <property name="file.separator" value="\"/>
    <property name="java.vendor.url.bug" value="http://bugreport.sun.com/bugreport/"/>
    <property name="sun.cpu.endian" value="little"/>
    <property name="sun.io.unicode.encoding" value="UnicodeLittle"/>
    <property name="sun.desktop" value="windows"/>
    <property name="sun.cpu.isalist" value="amd64"/>
  </properties>
  <testcase classname="com.atguigu.maven.HelloFriendTest" name="testHelloFriend" time="0.004"/>
</testsuite>